Using pre-set license
Built from '2020.3/staging' branch; Version is '2020.3.4f1 (0abb6314276a) revision 703331'; Using compiler version '192528614'; Build Type 'Release'
OS: 'Windows 10 Home; OS build 19043.1165; Version 2009; 64bit' Language: 'en' Physical Memory: 32534 MB
BatchMode: 1, IsHumanControllingUs: 0, StartBugReporterOnCrash: 0, Is64bit: 1, IsPro: 0

 COMMAND LINE ARGUMENTS:
C:\Program Files\Unity\Hub\Editor\2020.3.4f1\Editor\Unity.exe
-adb2
-batchMode
-noUpm
-name
AssetImportWorker0
-projectPath
C:/Users/jasly/OneDrive - Ngee Ann Polytechnic/Sem 2.1/IP/IP_Sem_2.1
-logFile
Logs/AssetImportWorker0.log
-srvPort
55810
Successfully changed project path to: C:/Users/jasly/OneDrive - Ngee Ann Polytechnic/Sem 2.1/IP/IP_Sem_2.1
C:/Users/jasly/OneDrive - Ngee Ann Polytechnic/Sem 2.1/IP/IP_Sem_2.1
Using Asset Import Pipeline V2.
Refreshing native plugins compatible for Editor in 60.09 ms, found 4 plugins.
Preloading 0 native plugins for Editor in 0.00 ms.
Initialize engine version: 2020.3.4f1 (0abb6314276a)
[Subsystems] Discovering subsystems at path C:/Program Files/Unity/Hub/Editor/2020.3.4f1/Editor/Data/Resources/UnitySubsystems
[Subsystems] Discovering subsystems at path C:/Users/jasly/OneDrive - Ngee Ann Polytechnic/Sem 2.1/IP/IP_Sem_2.1/Assets
GfxDevice: creating device client; threaded=0
Direct3D:
    Version:  Direct3D 11.0 [level 11.1]
    Renderer: NVIDIA GeForce RTX 2060 (ID=0x1f15)
    Vendor:   
    VRAM:     5980 MB
    Driver:   30.0.14.7141
Shader 'Universal Render Pipeline/Particles/Lit': fallback shader 'Universal Render Pipeline/Particles/SimpleLit' not found
Initialize mono
Mono path[0] = 'C:/Program Files/Unity/Hub/Editor/2020.3.4f1/Editor/Data/Managed'
Mono path[1] = 'C:/Program Files/Unity/Hub/Editor/2020.3.4f1/Editor/Data/MonoBleedingEdge/lib/mono/unityjit'
Mono config path = 'C:/Program Files/Unity/Hub/Editor/2020.3.4f1/Editor/Data/MonoBleedingEdge/etc'
Using monoOptions --debugger-agent=transport=dt_socket,embedding=1,server=y,suspend=n,address=127.0.0.1:56548
Begin MonoManager ReloadAssembly
Registering precompiled unity dll's ...
Register platform support module: C:/Program Files/Unity/Hub/Editor/2020.3.4f1/Editor/Data/PlaybackEngines/WindowsStandaloneSupport/UnityEditor.WindowsStandalone.Extensions.dll
Registered in 0.002037 seconds.
Native extension for WindowsStandalone target not found
Refreshing native plugins compatible for Editor in 78.74 ms, found 4 plugins.
Preloading 0 native plugins for Editor in 0.00 ms.
Mono: successfully reloaded assembly
- Completed reload, in  1.080 seconds
Platform modules already initialized, skipping
Registering precompiled user dll's ...
Registered in 0.009156 seconds.
Begin MonoManager ReloadAssembly
Native extension for WindowsStandalone target not found
Refreshing native plugins compatible for Editor in 56.40 ms, found 4 plugins.
Preloading 0 native plugins for Editor in 0.00 ms.
Mono: successfully reloaded assembly
- Completed reload, in  1.141 seconds
Platform modules already initialized, skipping
========================================================================
Worker process is ready to serve import requests
Shader 'Universal Render Pipeline/Particles/Lit': fallback shader 'Universal Render Pipeline/Particles/SimpleLit' not found
Launched and connected shader compiler UnityShaderCompiler.exe after 0.03 seconds
Refreshing native plugins compatible for Editor in 0.64 ms, found 4 plugins.
Preloading 0 native plugins for Editor in 0.00 ms.
Unloading 3441 Unused Serialized files (Serialized files now loaded: 0)
System memory in use before: 159.9 MB.
System memory in use after: 159.7 MB.

Unloading 48 unused Assets to reduce memory usage. Loaded Objects now: 3893.
Total: 2.704500 ms (FindLiveObjects: 0.344100 ms CreateObjectMapping: 0.209300 ms MarkObjects: 1.942800 ms  DeleteObjects: 0.207400 ms)

========================================================================
Received Import Request.
  path: Assets/Scripts
  artifactKey: Guid(02a3527b6b33a924e8ec66aa805ea717) Importer(815301076,1909f56bfc062723c751e8b465ee728b)
Start importing Assets/Scripts using Guid(02a3527b6b33a924e8ec66aa805ea717) Importer(815301076,1909f56bfc062723c751e8b465ee728b)  -> (artifact id: 'c54a9caa4e14d089eca70e0d1d1c20c0') in 0.008289 seconds
  Import took 0.012793 seconds .

========================================================================
Received Import Request.
  Time since last request: 17.993881 seconds.
  path: Assets/Scripts/UIAnimations.cs
  artifactKey: Guid(25a2dbb2676efd946b9805bc09b02bdf) Importer(815301076,1909f56bfc062723c751e8b465ee728b)
Start importing Assets/Scripts/UIAnimations.cs using Guid(25a2dbb2676efd946b9805bc09b02bdf) Importer(815301076,1909f56bfc062723c751e8b465ee728b)  -> (artifact id: '1e9175b37317b385d6de56eda2f24e59') in 0.026917 seconds
  Import took 0.032977 seconds .

========================================================================
Received Prepare
Registering precompiled user dll's ...
Registered in 0.008587 seconds.
Begin MonoManager ReloadAssembly
Native extension for WindowsStandalone target not found
Refreshing native plugins compatible for Editor in 0.69 ms, found 4 plugins.
Preloading 0 native plugins for Editor in 0.00 ms.
Mono: successfully reloaded assembly
- Completed reload, in  1.044 seconds
Platform modules already initialized, skipping
Shader 'Universal Render Pipeline/Particles/Lit': fallback shader 'Universal Render Pipeline/Particles/SimpleLit' not found
Refreshing native plugins compatible for Editor in 0.65 ms, found 4 plugins.
Preloading 0 native plugins for Editor in 0.00 ms.
Unloading 3273 Unused Serialized files (Serialized files now loaded: 0)
System memory in use before: 147.0 MB.
System memory in use after: 146.9 MB.

Unloading 43 unused Assets to reduce memory usage. Loaded Objects now: 3896.
Total: 2.924700 ms (FindLiveObjects: 0.493400 ms CreateObjectMapping: 0.205300 ms MarkObjects: 2.003300 ms  DeleteObjects: 0.221800 ms)

========================================================================
Received Prepare
Registering precompiled user dll's ...
Registered in 0.010917 seconds.
Begin MonoManager ReloadAssembly
Native extension for WindowsStandalone target not found
Refreshing native plugins compatible for Editor in 0.68 ms, found 4 plugins.
Preloading 0 native plugins for Editor in 0.00 ms.
Mono: successfully reloaded assembly
- Completed reload, in  1.132 seconds
Platform modules already initialized, skipping
Shader 'Universal Render Pipeline/Particles/Lit': fallback shader 'Universal Render Pipeline/Particles/SimpleLit' not found
Refreshing native plugins compatible for Editor in 0.65 ms, found 4 plugins.
Preloading 0 native plugins for Editor in 0.00 ms.
Unloading 3273 Unused Serialized files (Serialized files now loaded: 0)
System memory in use before: 147.1 MB.
System memory in use after: 146.9 MB.

Unloading 43 unused Assets to reduce memory usage. Loaded Objects now: 3898.
Total: 2.453600 ms (FindLiveObjects: 0.329000 ms CreateObjectMapping: 0.162400 ms MarkObjects: 1.725700 ms  DeleteObjects: 0.235500 ms)

========================================================================
Received Prepare
Registering precompiled user dll's ...
Registered in 0.008649 seconds.
Begin MonoManager ReloadAssembly
Native extension for WindowsStandalone target not found
Refreshing native plugins compatible for Editor in 0.69 ms, found 4 plugins.
Preloading 0 native plugins for Editor in 0.00 ms.
Mono: successfully reloaded assembly
- Completed reload, in  1.034 seconds
Platform modules already initialized, skipping
Shader 'Universal Render Pipeline/Particles/Lit': fallback shader 'Universal Render Pipeline/Particles/SimpleLit' not found
Refreshing native plugins compatible for Editor in 0.69 ms, found 4 plugins.
Preloading 0 native plugins for Editor in 0.00 ms.
Unloading 3273 Unused Serialized files (Serialized files now loaded: 0)
System memory in use before: 147.2 MB.
System memory in use after: 147.0 MB.

Unloading 43 unused Assets to reduce memory usage. Loaded Objects now: 3900.
Total: 2.618400 ms (FindLiveObjects: 0.402100 ms CreateObjectMapping: 0.155900 ms MarkObjects: 1.839400 ms  DeleteObjects: 0.220100 ms)

========================================================================
Received Prepare
Registering precompiled user dll's ...
Registered in 0.010929 seconds.
Begin MonoManager ReloadAssembly
Native extension for WindowsStandalone target not found
Refreshing native plugins compatible for Editor in 1.10 ms, found 4 plugins.
Preloading 0 native plugins for Editor in 0.00 ms.
Mono: successfully reloaded assembly
- Completed reload, in  1.367 seconds
Platform modules already initialized, skipping
Shader 'Universal Render Pipeline/Particles/Lit': fallback shader 'Universal Render Pipeline/Particles/SimpleLit' not found
Refreshing native plugins compatible for Editor in 0.79 ms, found 4 plugins.
Preloading 0 native plugins for Editor in 0.00 ms.
Unloading 3273 Unused Serialized files (Serialized files now loaded: 0)
System memory in use before: 147.2 MB.
System memory in use after: 147.0 MB.

Unloading 43 unused Assets to reduce memory usage. Loaded Objects now: 3902.
Total: 2.913600 ms (FindLiveObjects: 0.421000 ms CreateObjectMapping: 0.225900 ms MarkObjects: 2.023700 ms  DeleteObjects: 0.241600 ms)

========================================================================
Received Prepare
Registering precompiled user dll's ...
Registered in 0.008171 seconds.
Begin MonoManager ReloadAssembly
Native extension for WindowsStandalone target not found
Refreshing native plugins compatible for Editor in 0.76 ms, found 4 plugins.
Preloading 0 native plugins for Editor in 0.00 ms.
Mono: successfully reloaded assembly
- Completed reload, in  1.147 seconds
Platform modules already initialized, skipping
Shader 'Universal Render Pipeline/Particles/Lit': fallback shader 'Universal Render Pipeline/Particles/SimpleLit' not found
Refreshing native plugins compatible for Editor in 1.01 ms, found 4 plugins.
Preloading 0 native plugins for Editor in 0.00 ms.
Unloading 3273 Unused Serialized files (Serialized files now loaded: 0)
System memory in use before: 147.2 MB.
System memory in use after: 147.0 MB.

Unloading 43 unused Assets to reduce memory usage. Loaded Objects now: 3904.
Total: 2.982100 ms (FindLiveObjects: 0.580800 ms CreateObjectMapping: 0.297600 ms MarkObjects: 1.867600 ms  DeleteObjects: 0.235000 ms)

========================================================================
Received Import Request.
  Time since last request: 728.628365 seconds.
  path: Assets/TextMesh Pro/Fonts/LiberationSans.ttf
  artifactKey: Guid(e3265ab4bf004d28a9537516768c1c75) Importer(815301076,1909f56bfc062723c751e8b465ee728b)
Start importing Assets/TextMesh Pro/Fonts/LiberationSans.ttf using Guid(e3265ab4bf004d28a9537516768c1c75) Importer(815301076,1909f56bfc062723c751e8b465ee728b)  -> (artifact id: 'd55bd59a31e8c60e72b6b34634ac83f7') in 0.204705 seconds
  Import took 0.211737 seconds .

========================================================================
Received Prepare
Registering precompiled user dll's ...
Registered in 0.008201 seconds.
Begin MonoManager ReloadAssembly
Native extension for WindowsStandalone target not found
Refreshing native plugins compatible for Editor in 1.26 ms, found 4 plugins.
Preloading 0 native plugins for Editor in 0.00 ms.
Mono: successfully reloaded assembly
- Completed reload, in  1.155 seconds
Platform modules already initialized, skipping
Shader 'Universal Render Pipeline/Particles/Lit': fallback shader 'Universal Render Pipeline/Particles/SimpleLit' not found
Refreshing native plugins compatible for Editor in 0.81 ms, found 4 plugins.
Preloading 0 native plugins for Editor in 0.00 ms.
Unloading 3273 Unused Serialized files (Serialized files now loaded: 0)
System memory in use before: 152.8 MB.
System memory in use after: 152.6 MB.

Unloading 43 unused Assets to reduce memory usage. Loaded Objects now: 3988.
Total: 3.495300 ms (FindLiveObjects: 0.528500 ms CreateObjectMapping: 0.324900 ms MarkObjects: 2.433100 ms  DeleteObjects: 0.207800 ms)

========================================================================
Received Prepare
Registering precompiled user dll's ...
Registered in 0.008539 seconds.
Begin MonoManager ReloadAssembly
Native extension for WindowsStandalone target not found
Refreshing native plugins compatible for Editor in 1.64 ms, found 4 plugins.
Preloading 0 native plugins for Editor in 0.00 ms.
Mono: successfully reloaded assembly
- Completed reload, in  1.371 seconds
Platform modules already initialized, skipping
Shader 'Universal Render Pipeline/Particles/Lit': fallback shader 'Universal Render Pipeline/Particles/SimpleLit' not found
Refreshing native plugins compatible for Editor in 0.81 ms, found 4 plugins.
Preloading 0 native plugins for Editor in 0.00 ms.
Unloading 3273 Unused Serialized files (Serialized files now loaded: 0)
System memory in use before: 152.8 MB.
System memory in use after: 152.7 MB.

Unloading 43 unused Assets to reduce memory usage. Loaded Objects now: 3990.
Total: 4.108000 ms (FindLiveObjects: 0.434000 ms CreateObjectMapping: 0.250700 ms MarkObjects: 3.104200 ms  DeleteObjects: 0.317900 ms)

========================================================================
Received Prepare
Registering precompiled user dll's ...
Registered in 0.008553 seconds.
Begin MonoManager ReloadAssembly
Native extension for WindowsStandalone target not found
Refreshing native plugins compatible for Editor in 0.77 ms, found 4 plugins.
Preloading 0 native plugins for Editor in 0.00 ms.
Mono: successfully reloaded assembly
- Completed reload, in  1.321 seconds
Platform modules already initialized, skipping
Shader 'Universal Render Pipeline/Particles/Lit': fallback shader 'Universal Render Pipeline/Particles/SimpleLit' not found
Refreshing native plugins compatible for Editor in 0.92 ms, found 4 plugins.
Preloading 0 native plugins for Editor in 0.00 ms.
Unloading 3273 Unused Serialized files (Serialized files now loaded: 0)
System memory in use before: 152.8 MB.
System memory in use after: 152.7 MB.

Unloading 43 unused Assets to reduce memory usage. Loaded Objects now: 3992.
Total: 3.031100 ms (FindLiveObjects: 0.394400 ms CreateObjectMapping: 0.204900 ms MarkObjects: 2.186500 ms  DeleteObjects: 0.244100 ms)

========================================================================
Received Prepare
Registering precompiled user dll's ...
Registered in 0.008078 seconds.
Begin MonoManager ReloadAssembly
Native extension for WindowsStandalone target not found
Refreshing native plugins compatible for Editor in 0.84 ms, found 4 plugins.
Preloading 0 native plugins for Editor in 0.00 ms.
Mono: successfully reloaded assembly
- Completed reload, in  1.506 seconds
Platform modules already initialized, skipping
Shader 'Universal Render Pipeline/Particles/Lit': fallback shader 'Universal Render Pipeline/Particles/SimpleLit' not found
Refreshing native plugins compatible for Editor in 1.00 ms, found 4 plugins.
Preloading 0 native plugins for Editor in 0.00 ms.
Unloading 3273 Unused Serialized files (Serialized files now loaded: 0)
System memory in use before: 152.8 MB.
System memory in use after: 152.7 MB.

Unloading 43 unused Assets to reduce memory usage. Loaded Objects now: 3994.
Total: 3.346500 ms (FindLiveObjects: 0.420700 ms CreateObjectMapping: 0.211600 ms MarkObjects: 2.418800 ms  DeleteObjects: 0.293400 ms)

========================================================================
Received Prepare
Registering precompiled user dll's ...
Registered in 0.007895 seconds.
Begin MonoManager ReloadAssembly
Native extension for WindowsStandalone target not found
Refreshing native plugins compatible for Editor in 0.71 ms, found 4 plugins.
Preloading 0 native plugins for Editor in 0.00 ms.
Mono: successfully reloaded assembly
- Completed reload, in  1.256 seconds
Platform modules already initialized, skipping
Shader 'Universal Render Pipeline/Particles/Lit': fallback shader 'Universal Render Pipeline/Particles/SimpleLit' not found
Refreshing native plugins compatible for Editor in 0.70 ms, found 4 plugins.
Preloading 0 native plugins for Editor in 0.00 ms.
Unloading 3273 Unused Serialized files (Serialized files now loaded: 0)
System memory in use before: 152.9 MB.
System memory in use after: 152.7 MB.

Unloading 43 unused Assets to reduce memory usage. Loaded Objects now: 3996.
Total: 2.723500 ms (FindLiveObjects: 0.372700 ms CreateObjectMapping: 0.158100 ms MarkObjects: 1.933000 ms  DeleteObjects: 0.259000 ms)

========================================================================
Received Import Request.
  Time since last request: 549.707863 seconds.
  path: Assets/Animations/OptionsOut.anim
  artifactKey: Guid(9657a5089320a4b4f8b28bc04882b080) Importer(815301076,1909f56bfc062723c751e8b465ee728b)
Start importing Assets/Animations/OptionsOut.anim using Guid(9657a5089320a4b4f8b28bc04882b080) Importer(815301076,1909f56bfc062723c751e8b465ee728b)  -> (artifact id: '4e5668bfb42a4943ed3bca9463276004') in 0.024064 seconds
  Import took 0.031115 seconds .

========================================================================
Received Prepare
Registering precompiled user dll's ...
Registered in 0.008644 seconds.
Begin MonoManager ReloadAssembly
Native extension for WindowsStandalone target not found
Refreshing native plugins compatible for Editor in 0.86 ms, found 4 plugins.
Preloading 0 native plugins for Editor in 0.00 ms.
Mono: successfully reloaded assembly
- Completed reload, in  1.306 seconds
Platform modules already initialized, skipping
Shader 'Universal Render Pipeline/Particles/Lit': fallback shader 'Universal Render Pipeline/Particles/SimpleLit' not found
Refreshing native plugins compatible for Editor in 1.45 ms, found 4 plugins.
Preloading 0 native plugins for Editor in 0.00 ms.
Unloading 3273 Unused Serialized files (Serialized files now loaded: 0)
System memory in use before: 152.9 MB.
System memory in use after: 152.7 MB.

Unloading 43 unused Assets to reduce memory usage. Loaded Objects now: 3998.
Total: 3.404300 ms (FindLiveObjects: 0.465600 ms CreateObjectMapping: 0.255900 ms MarkObjects: 2.377200 ms  DeleteObjects: 0.304100 ms)

========================================================================
Received Prepare
Registering precompiled user dll's ...
Registered in 0.012911 seconds.
Begin MonoManager ReloadAssembly
Native extension for WindowsStandalone target not found
Refreshing native plugins compatible for Editor in 0.85 ms, found 4 plugins.
Preloading 0 native plugins for Editor in 0.00 ms.
Mono: successfully reloaded assembly
- Completed reload, in  1.300 seconds
Platform modules already initialized, skipping
Shader 'Universal Render Pipeline/Particles/Lit': fallback shader 'Universal Render Pipeline/Particles/SimpleLit' not found
Refreshing native plugins compatible for Editor in 0.91 ms, found 4 plugins.
Preloading 0 native plugins for Editor in 0.00 ms.
Unloading 3273 Unused Serialized files (Serialized files now loaded: 0)
System memory in use before: 152.9 MB.
System memory in use after: 152.7 MB.

Unloading 43 unused Assets to reduce memory usage. Loaded Objects now: 4000.
Total: 3.786000 ms (FindLiveObjects: 0.616900 ms CreateObjectMapping: 0.359600 ms MarkObjects: 2.482700 ms  DeleteObjects: 0.324000 ms)

========================================================================
Received Import Request.
  Time since last request: 762.214105 seconds.
  path: Assets/ExampleAssets/Models/brush_low.fbx
  artifactKey: Guid(aed8c47425ab91f4eb06ce6fe47c3e4e) Importer(815301076,1909f56bfc062723c751e8b465ee728b)
Start importing Assets/ExampleAssets/Models/brush_low.fbx using Guid(aed8c47425ab91f4eb06ce6fe47c3e4e) Importer(815301076,1909f56bfc062723c751e8b465ee728b)  -> (artifact id: '2ef104852a08f272a3f3524a26b6964b') in 0.402568 seconds
  Import took 0.409380 seconds .

========================================================================
Received Import Request.
  Time since last request: 0.000145 seconds.
  path: Assets/ExampleAssets/Models/hammer_low.fbx
  artifactKey: Guid(68a66fb5a71f8204a8dcb613c97d1fa8) Importer(815301076,1909f56bfc062723c751e8b465ee728b)
Start importing Assets/ExampleAssets/Models/hammer_low.fbx using Guid(68a66fb5a71f8204a8dcb613c97d1fa8) Importer(815301076,1909f56bfc062723c751e8b465ee728b)  -> (artifact id: '7d255db37596e8a0726078d9765df62a') in 0.022013 seconds
  Import took 0.026683 seconds .

========================================================================
Received Import Request.
  Time since last request: 0.000189 seconds.
  path: Assets/ExampleAssets/Models/safetygoggles_low.fbx
  artifactKey: Guid(6296e48663fd7ad46b1a2af507f871cf) Importer(815301076,1909f56bfc062723c751e8b465ee728b)
Start importing Assets/ExampleAssets/Models/safetygoggles_low.fbx using Guid(6296e48663fd7ad46b1a2af507f871cf) Importer(815301076,1909f56bfc062723c751e8b465ee728b)  -> (artifact id: 'f545dfaa0fe63a4598ef06f40535dce8') in 0.273587 seconds
  Import took 0.279057 seconds .

========================================================================
Received Import Request.
  Time since last request: 0.000148 seconds.
  path: Assets/World Assets/scene of toyshop.fbx
  artifactKey: Guid(e4b20613a171b884a9254faab89e30e4) Importer(815301076,1909f56bfc062723c751e8b465ee728b)
Start importing Assets/World Assets/scene of toyshop.fbx using Guid(e4b20613a171b884a9254faab89e30e4) Importer(815301076,1909f56bfc062723c751e8b465ee728b)  -> (artifact id: '1fe3ee46fa9cb87df6504b2b74de70f8') in 0.381545 seconds
  Import took 0.386637 seconds .

========================================================================
Received Import Request.
  Time since last request: 0.000182 seconds.
  path: Assets/World Assets/light.fbx
  artifactKey: Guid(61d504a302927474db561af59e574717) Importer(815301076,1909f56bfc062723c751e8b465ee728b)
Start importing Assets/World Assets/light.fbx using Guid(61d504a302927474db561af59e574717) Importer(815301076,1909f56bfc062723c751e8b465ee728b)  -> (artifact id: 'b52c449563c372fbb313a6797bd8918e') in 0.072966 seconds
  Import took 0.078064 seconds .

========================================================================
Received Import Request.
  Time since last request: 0.000168 seconds.
  path: Assets/ExampleAssets/Models/Stud.fbx
  artifactKey: Guid(34624edaccd9d704a95ed404d919b492) Importer(815301076,1909f56bfc062723c751e8b465ee728b)
Start importing Assets/ExampleAssets/Models/Stud.fbx using Guid(34624edaccd9d704a95ed404d919b492) Importer(815301076,1909f56bfc062723c751e8b465ee728b)  -> (artifact id: 'bd759ecf16740c38a84c883a9ec8fd02') in 0.031531 seconds
  Import took 0.036803 seconds .

========================================================================
Received Import Request.
  Time since last request: 0.000354 seconds.
  path: Assets/World Assets/robot.fbx
  artifactKey: Guid(764b8392a5c32524c98e03f4c0a45b6e) Importer(815301076,1909f56bfc062723c751e8b465ee728b)
Start importing Assets/World Assets/robot.fbx using Guid(764b8392a5c32524c98e03f4c0a45b6e) Importer(815301076,1909f56bfc062723c751e8b465ee728b)  -> (artifact id: 'f7609132f219fb1060c51df375e67d5b') in 0.336344 seconds
  Import took 0.342190 seconds .

========================================================================
Received Import Request.
  Time since last request: 0.000187 seconds.
  path: Assets/ExampleAssets/Models/jigsaw_low.fbx
  artifactKey: Guid(8b73e8872ca76104bbca4ee2b704a1b4) Importer(815301076,1909f56bfc062723c751e8b465ee728b)
Start importing Assets/ExampleAssets/Models/jigsaw_low.fbx using Guid(8b73e8872ca76104bbca4ee2b704a1b4) Importer(815301076,1909f56bfc062723c751e8b465ee728b)  -> (artifact id: '19c58d43f8210d3b47dd7f60cf69fc92') in 0.020328 seconds
  Import took 0.026245 seconds .

========================================================================
Received Import Request.
  Time since last request: 0.000174 seconds.
  path: Assets/ExampleAssets/Models/magneticlevel_low.fbx
  artifactKey: Guid(bae110eee250e4b418b188f4ae4e3170) Importer(815301076,1909f56bfc062723c751e8b465ee728b)
Start importing Assets/ExampleAssets/Models/magneticlevel_low.fbx using Guid(bae110eee250e4b418b188f4ae4e3170) Importer(815301076,1909f56bfc062723c751e8b465ee728b)  -> (artifact id: 'c69965b7225b3df8f57241c933987252') in 0.036682 seconds
  Import took 0.043171 seconds .

========================================================================
Received Import Request.
  Time since last request: 0.000218 seconds.
  path: Assets/World Assets/tryout (1).fbx
  artifactKey: Guid(9b2634a70f114bd42bb18b99ac1e371f) Importer(815301076,1909f56bfc062723c751e8b465ee728b)
Start importing Assets/World Assets/tryout (1).fbx using Guid(9b2634a70f114bd42bb18b99ac1e371f) Importer(815301076,1909f56bfc062723c751e8b465ee728b)  -> (artifact id: '78d1edcd8b4abf90be444e429bcb7035') in 0.222386 seconds
  Import took 0.228466 seconds .

========================================================================
Received Import Request.
  Time since last request: 0.000227 seconds.
  path: Assets/ExampleAssets/Models/paintbucket_low.fbx
  artifactKey: Guid(b451a052397f03c4f8a04d915d1c0492) Importer(815301076,1909f56bfc062723c751e8b465ee728b)
Start importing Assets/ExampleAssets/Models/paintbucket_low.fbx using Guid(b451a052397f03c4f8a04d915d1c0492) Importer(815301076,1909f56bfc062723c751e8b465ee728b)  -> (artifact id: '77938831eb5929f52eee973d8b29c7fc') in 0.053562 seconds
  Import took 0.058532 seconds .

========================================================================
Received Import Request.
  Time since last request: 0.000137 seconds.
  path: Assets/World Assets/trainde1aa59a40fc219f3716a8f7dbd6929d3b3a6c6d97d4828212e37fc31202489b.fbx
  artifactKey: Guid(5934153f9d37bd3468a791a743d7b89e) Importer(815301076,1909f56bfc062723c751e8b465ee728b)
Start importing Assets/World Assets/trainde1aa59a40fc219f3716a8f7dbd6929d3b3a6c6d97d4828212e37fc31202489b.fbx using Guid(5934153f9d37bd3468a791a743d7b89e) Importer(815301076,1909f56bfc062723c751e8b465ee728b)  -> (artifact id: '35f7a6337316c4430548ec2e5a12859e') in 0.141213 seconds
  Import took 0.146672 seconds .

========================================================================
Received Import Request.
  Time since last request: 0.000158 seconds.
  path: Assets/ExampleAssets/Models/Workshop_Set.fbx
  artifactKey: Guid(47616bd0cda748d4cbedcfc908506b9d) Importer(815301076,1909f56bfc062723c751e8b465ee728b)
Start importing Assets/ExampleAssets/Models/Workshop_Set.fbx using Guid(47616bd0cda748d4cbedcfc908506b9d) Importer(815301076,1909f56bfc062723c751e8b465ee728b)  -> (artifact id: '0fd6be07fff54b6fcc0ce7456b4adb35') in 0.071819 seconds
  Import took 0.077019 seconds .

========================================================================
Received Import Request.
  Time since last request: 0.000161 seconds.
  path: Assets/World Assets/Materials/Penguin_Lo_Textured.fbx
  artifactKey: Guid(ab16fddddb0f3404286fdda3f44f6cd0) Importer(815301076,1909f56bfc062723c751e8b465ee728b)
Start importing Assets/World Assets/Materials/Penguin_Lo_Textured.fbx using Guid(ab16fddddb0f3404286fdda3f44f6cd0) Importer(815301076,1909f56bfc062723c751e8b465ee728b)  -> (artifact id: 'dec7ec7ef2b382df2d9b69bec2920963') in 0.015530 seconds
  Import took 0.021424 seconds .

========================================================================
Received Import Request.
  Time since last request: 0.000262 seconds.
  path: Assets/ExampleAssets/Models/ConstructionLight_Low.fbx
  artifactKey: Guid(e3ae06a3979f53046aa05330d69de1fa) Importer(815301076,1909f56bfc062723c751e8b465ee728b)
Start importing Assets/ExampleAssets/Models/ConstructionLight_Low.fbx using Guid(e3ae06a3979f53046aa05330d69de1fa) Importer(815301076,1909f56bfc062723c751e8b465ee728b)  -> (artifact id: '39469ac0f381ff0bf335f5f8f1badee5') in 0.045959 seconds
  Import took 0.052020 seconds .

========================================================================
Received Import Request.
  Time since last request: 0.000151 seconds.
  path: Assets/World Assets/stuff.fbx
  artifactKey: Guid(efc00cac5f549e640b2efac4f93bfa6b) Importer(815301076,1909f56bfc062723c751e8b465ee728b)
Start importing Assets/World Assets/stuff.fbx using Guid(efc00cac5f549e640b2efac4f93bfa6b) Importer(815301076,1909f56bfc062723c751e8b465ee728b)  -> (artifact id: 'ab3aa73aad7556f7a844e0f272a7c4c6') in 0.944969 seconds
  Import took 0.952421 seconds .

========================================================================
Received Import Request.
  Time since last request: 0.000229 seconds.
  path: Assets/ExampleAssets/Models/Workbench.fbx
  artifactKey: Guid(efe9381559c516743bd05cef82f39ebb) Importer(815301076,1909f56bfc062723c751e8b465ee728b)
Start importing Assets/ExampleAssets/Models/Workbench.fbx using Guid(efe9381559c516743bd05cef82f39ebb) Importer(815301076,1909f56bfc062723c751e8b465ee728b)  -> (artifact id: '65166f2b30218b7dd3762bd047c87b72') in 0.071550 seconds
  Import took 0.077121 seconds .

========================================================================
Received Import Request.
  Time since last request: 0.000143 seconds.
  path: Assets/World Assets/Penguin_HI.fbx
  artifactKey: Guid(69a6ebf0ea51b6a47a3fa11c78b8f801) Importer(815301076,1909f56bfc062723c751e8b465ee728b)
Start importing Assets/World Assets/Penguin_HI.fbx using Guid(69a6ebf0ea51b6a47a3fa11c78b8f801) Importer(815301076,1909f56bfc062723c751e8b465ee728b)  -> (artifact id: '6616d23afce0d0c53316c416b7ee1717') in 0.061417 seconds
  Import took 0.066916 seconds .

========================================================================
Received Import Request.
  Time since last request: 0.000178 seconds.
  path: Assets/World Assets/Castle.mb
  artifactKey: Guid(e5478d706def0c7459edf9a63ea412fc) Importer(815301076,1909f56bfc062723c751e8b465ee728b)
Start importing Assets/World Assets/Castle.mb using Guid(e5478d706def0c7459edf9a63ea412fc) Importer(815301076,1909f56bfc062723c751e8b465ee728b)  -> (artifact id: '0eba8fceb2a159d7bf00e2100e108a06') in 0.630715 seconds
  Import took 0.637705 seconds .

========================================================================
Received Import Request.
  Time since last request: 0.000207 seconds.
  path: Assets/World Assets/Penguin_Lo.fbx
  artifactKey: Guid(9988555cea5283948a2996fc8a6c8c6c) Importer(815301076,1909f56bfc062723c751e8b465ee728b)
Start importing Assets/World Assets/Penguin_Lo.fbx using Guid(9988555cea5283948a2996fc8a6c8c6c) Importer(815301076,1909f56bfc062723c751e8b465ee728b)  -> (artifact id: '912de5d8e8be9d4b327ea6d6d673d766') in 0.016656 seconds
  Import took 0.022276 seconds .

========================================================================
Received Import Request.
  Time since last request: 0.000147 seconds.
  path: Assets/ExampleAssets/Models/Workbench_Low.fbx
  artifactKey: Guid(ff6dc36862fe41641bb21568d92147c9) Importer(815301076,1909f56bfc062723c751e8b465ee728b)
Start importing Assets/ExampleAssets/Models/Workbench_Low.fbx using Guid(ff6dc36862fe41641bb21568d92147c9) Importer(815301076,1909f56bfc062723c751e8b465ee728b)  -> (artifact id: '57bb486a7d132da1909108ad02945287') in 0.074951 seconds
  Import took 0.080550 seconds .

========================================================================
Received Import Request.
  Time since last request: 0.000197 seconds.
  path: Assets/ExampleAssets/Models/safetyhat_low.fbx
  artifactKey: Guid(9d0d902f71acfe646a46cb625f815a49) Importer(815301076,1909f56bfc062723c751e8b465ee728b)
Start importing Assets/ExampleAssets/Models/safetyhat_low.fbx using Guid(9d0d902f71acfe646a46cb625f815a49) Importer(815301076,1909f56bfc062723c751e8b465ee728b)  -> (artifact id: '63b14299565ed6a6e2ba7d6ea7082533') in 0.020946 seconds
  Import took 0.026798 seconds .

========================================================================
Received Import Request.
  Time since last request: 0.000194 seconds.
  path: Assets/World Assets/scene anyhow.fbx
  artifactKey: Guid(15732ab6a655b1f4eb874f4d20dc2628) Importer(815301076,1909f56bfc062723c751e8b465ee728b)
Start importing Assets/World Assets/scene anyhow.fbx using Guid(15732ab6a655b1f4eb874f4d20dc2628) Importer(815301076,1909f56bfc062723c751e8b465ee728b)  -> (artifact id: '616914737f5560bd0e239ce7347d3003') in 0.153506 seconds
  Import took 0.158536 seconds .

========================================================================
Received Import Request.
  Time since last request: 0.000140 seconds.
  path: Assets/ExampleAssets/Models/small_plane.fbx
  artifactKey: Guid(aeaee610429f51f44981e141eb2a3545) Importer(815301076,1909f56bfc062723c751e8b465ee728b)
Start importing Assets/ExampleAssets/Models/small_plane.fbx using Guid(aeaee610429f51f44981e141eb2a3545) Importer(815301076,1909f56bfc062723c751e8b465ee728b)  -> (artifact id: '8cde25121de969af098701e46e4933ab') in 0.018133 seconds
  Import took 0.022934 seconds .

========================================================================
Received Import Request.
  Time since last request: 6.747329 seconds.
  path: Assets/Audio/JumpSound.wav
  artifactKey: Guid(bd4d0e5a2953acc429c33a7cd5c2f4b8) Importer(815301076,1909f56bfc062723c751e8b465ee728b)
Start importing Assets/Audio/JumpSound.wav using Guid(bd4d0e5a2953acc429c33a7cd5c2f4b8) Importer(815301076,1909f56bfc062723c751e8b465ee728b)  -> (artifact id: 'b4b80bbe303c2c5f3ef0ae41f64ddf0e') in 0.028173 seconds
  Import took 0.034975 seconds .

========================================================================
Received Import Request.
  Time since last request: 0.000166 seconds.
  path: Assets/Audio/SprintSound.wav
  artifactKey: Guid(107aea87f04599f40973eb2b47a8ccf2) Importer(815301076,1909f56bfc062723c751e8b465ee728b)
Start importing Assets/Audio/SprintSound.wav using Guid(107aea87f04599f40973eb2b47a8ccf2) Importer(815301076,1909f56bfc062723c751e8b465ee728b)  -> (artifact id: '423cb2add66d458670bbb4e43b1352de') in 0.012149 seconds
  Import took 0.018035 seconds .

========================================================================
Received Import Request.
  Time since last request: 0.000203 seconds.
  path: Assets/Audio/ShootSound.aiff
  artifactKey: Guid(0ad11c4eec669ab4cbb0c4394c9c03c2) Importer(815301076,1909f56bfc062723c751e8b465ee728b)
Start importing Assets/Audio/ShootSound.aiff using Guid(0ad11c4eec669ab4cbb0c4394c9c03c2) Importer(815301076,1909f56bfc062723c751e8b465ee728b)  -> (artifact id: 'd1e618c3689ecf8524f88d8f4b346bbc') in 0.021288 seconds
  Import took 0.029097 seconds .

========================================================================
Received Import Request.
  Time since last request: 2.932970 seconds.
  path: Assets/ExampleAssets/Models
  artifactKey: Guid(aa97895f3852bd44399ef0893bec4f5e) Importer(815301076,1909f56bfc062723c751e8b465ee728b)
Start importing Assets/ExampleAssets/Models using Guid(aa97895f3852bd44399ef0893bec4f5e) Importer(815301076,1909f56bfc062723c751e8b465ee728b)  -> (artifact id: '3f6e56109c9b83097fedf3618ac738d2') in 0.006367 seconds
  Import took 0.012350 seconds .

========================================================================
Received Import Request.
  Time since last request: 7.782222 seconds.
  path: Assets/Settings/ForwardRenderer.asset
  artifactKey: Guid(4a8e21d5c33334b11b34a596161b9360) Importer(815301076,1909f56bfc062723c751e8b465ee728b)
Start importing Assets/Settings/ForwardRenderer.asset using Guid(4a8e21d5c33334b11b34a596161b9360) Importer(815301076,1909f56bfc062723c751e8b465ee728b)  -> (artifact id: 'b70af62263eb2f2d379a47d6e251ed2e') in 0.009570 seconds
  Import took 0.014657 seconds .

========================================================================
Received Import Request.
  Time since last request: 0.000174 seconds.
  path: Assets/Settings/SampleSceneProfile.asset
  artifactKey: Guid(10fc4df2da32a41aaa32d77bc913491c) Importer(815301076,1909f56bfc062723c751e8b465ee728b)
Start importing Assets/Settings/SampleSceneProfile.asset using Guid(10fc4df2da32a41aaa32d77bc913491c) Importer(815301076,1909f56bfc062723c751e8b465ee728b)  -> (artifact id: '49eaea6ce1808afd391eb1d128a34779') in 0.008117 seconds
  Import took 0.013495 seconds .

========================================================================
Received Import Request.
  Time since last request: 0.000362 seconds.
  path: Assets/Settings/UniversalRP-LowQuality.asset
  artifactKey: Guid(a31e9f9f9c9d4b9429ed0d1234e22103) Importer(815301076,1909f56bfc062723c751e8b465ee728b)
Start importing Assets/Settings/UniversalRP-LowQuality.asset using Guid(a31e9f9f9c9d4b9429ed0d1234e22103) Importer(815301076,1909f56bfc062723c751e8b465ee728b)  -> (artifact id: 'd58c2f78c6fb5109dedcaff328893887') in 0.008519 seconds
  Import took 0.013990 seconds .

========================================================================
Received Import Request.
  Time since last request: 0.000200 seconds.
  path: Assets/Settings/UniversalRP-MediumQuality.asset
  artifactKey: Guid(d847b876476d3d6468f5dfcd34266f96) Importer(815301076,1909f56bfc062723c751e8b465ee728b)
Start importing Assets/Settings/UniversalRP-MediumQuality.asset using Guid(d847b876476d3d6468f5dfcd34266f96) Importer(815301076,1909f56bfc062723c751e8b465ee728b)  -> (artifact id: 'b6969490b8e97a41d006e02c26c69da4') in 0.008731 seconds
  Import took 0.015149 seconds .

========================================================================
Received Import Request.
  Time since last request: 0.000246 seconds.
  path: Assets/Settings/UniversalRP-HighQuality.asset
  artifactKey: Guid(19ba41d7c0026c3459d37c2fe90c55a0) Importer(815301076,1909f56bfc062723c751e8b465ee728b)
Start importing Assets/Settings/UniversalRP-HighQuality.asset using Guid(19ba41d7c0026c3459d37c2fe90c55a0) Importer(815301076,1909f56bfc062723c751e8b465ee728b)  -> (artifact id: '3a0baffc147d63d5944857654b0a27a3') in 0.007907 seconds
  Import took 0.013798 seconds .

========================================================================
Received Import Request.
  Time since last request: 50.729619 seconds.
  path: Assets/Materials
  artifactKey: Guid(d0234ba368eeec9418390da711bfdad0) Importer(815301076,1909f56bfc062723c751e8b465ee728b)
Start importing Assets/Materials using Guid(d0234ba368eeec9418390da711bfdad0) Importer(815301076,1909f56bfc062723c751e8b465ee728b)  -> (artifact id: 'c376fd585a0381c7ad3ab888e6affab3') in 0.007097 seconds
  Import took 0.013458 seconds .

========================================================================
Received Import Request.
  Time since last request: 2.754137 seconds.
  path: Assets/World Assets
  artifactKey: Guid(ea332dbc6c3c83d4e969afae4342a724) Importer(815301076,1909f56bfc062723c751e8b465ee728b)
Start importing Assets/World Assets using Guid(ea332dbc6c3c83d4e969afae4342a724) Importer(815301076,1909f56bfc062723c751e8b465ee728b)  -> (artifact id: '298d0c627869922f34f2fb321a9eda56') in 0.006247 seconds
  Import took 0.012120 seconds .

========================================================================
Received Import Request.
  Time since last request: 100.310271 seconds.
  path: Assets/World Assets/ppl on train.obj
  artifactKey: Guid(d4d77bab311163f4e8efc4a7b9d43598) Importer(815301076,1909f56bfc062723c751e8b465ee728b)
Start importing Assets/World Assets/ppl on train.obj using Guid(d4d77bab311163f4e8efc4a7b9d43598) Importer(815301076,1909f56bfc062723c751e8b465ee728b)  -> (artifact id: '43e22a1cba2d4041244419b0f634dccf') in 0.086257 seconds
  Import took 0.091830 seconds .

========================================================================
Received Import Request.
  Time since last request: 97.817330 seconds.
  path: Assets/Scripts/EnemyHealthBar.cs
  artifactKey: Guid(9e948086e12554a47b5683a2adc19dbc) Importer(815301076,1909f56bfc062723c751e8b465ee728b)
Start importing Assets/Scripts/EnemyHealthBar.cs using Guid(9e948086e12554a47b5683a2adc19dbc) Importer(815301076,1909f56bfc062723c751e8b465ee728b)  -> (artifact id: 'dd10ff0a5030ba40577e18e2b3ff69ef') in 0.005395 seconds
  Import took 0.010588 seconds .

========================================================================
Received Prepare
Registering precompiled user dll's ...
Registered in 0.010619 seconds.
Begin MonoManager ReloadAssembly
Native extension for WindowsStandalone target not found
Refreshing native plugins compatible for Editor in 1.12 ms, found 4 plugins.
Preloading 0 native plugins for Editor in 0.00 ms.
Mono: successfully reloaded assembly
- Completed reload, in  1.236 seconds
Platform modules already initialized, skipping
Shader 'Universal Render Pipeline/Particles/Lit': fallback shader 'Universal Render Pipeline/Particles/SimpleLit' not found
Refreshing native plugins compatible for Editor in 0.91 ms, found 4 plugins.
Preloading 0 native plugins for Editor in 0.00 ms.
Unloading 3275 Unused Serialized files (Serialized files now loaded: 0)
System memory in use before: 168.6 MB.
System memory in use after: 168.4 MB.

Unloading 43 unused Assets to reduce memory usage. Loaded Objects now: 4046.
Total: 2.673900 ms (FindLiveObjects: 0.332500 ms CreateObjectMapping: 0.179500 ms MarkObjects: 1.953500 ms  DeleteObjects: 0.207300 ms)

========================================================================
Received Prepare
Registering precompiled user dll's ...
Registered in 0.007792 seconds.
Begin MonoManager ReloadAssembly
Native extension for WindowsStandalone target not found
Refreshing native plugins compatible for Editor in 0.77 ms, found 4 plugins.
Preloading 0 native plugins for Editor in 0.00 ms.
Mono: successfully reloaded assembly
- Completed reload, in  1.294 seconds
Platform modules already initialized, skipping
Shader 'Universal Render Pipeline/Particles/Lit': fallback shader 'Universal Render Pipeline/Particles/SimpleLit' not found
Refreshing native plugins compatible for Editor in 0.81 ms, found 4 plugins.
Preloading 0 native plugins for Editor in 0.00 ms.
Unloading 3273 Unused Serialized files (Serialized files now loaded: 0)
System memory in use before: 168.5 MB.
System memory in use after: 168.4 MB.

Unloading 43 unused Assets to reduce memory usage. Loaded Objects now: 4048.
Total: 3.463800 ms (FindLiveObjects: 0.395400 ms CreateObjectMapping: 0.261600 ms MarkObjects: 2.565500 ms  DeleteObjects: 0.239900 ms)

========================================================================
Received Prepare
Registering precompiled user dll's ...
Registered in 0.008801 seconds.
Begin MonoManager ReloadAssembly
Native extension for WindowsStandalone target not found
Refreshing native plugins compatible for Editor in 0.84 ms, found 4 plugins.
Preloading 0 native plugins for Editor in 0.00 ms.
Mono: successfully reloaded assembly
- Completed reload, in  1.336 seconds
Platform modules already initialized, skipping
Shader 'Universal Render Pipeline/Particles/Lit': fallback shader 'Universal Render Pipeline/Particles/SimpleLit' not found
Refreshing native plugins compatible for Editor in 1.48 ms, found 4 plugins.
Preloading 0 native plugins for Editor in 0.00 ms.
Unloading 3273 Unused Serialized files (Serialized files now loaded: 0)
System memory in use before: 168.5 MB.
System memory in use after: 168.4 MB.

Unloading 43 unused Assets to reduce memory usage. Loaded Objects now: 4050.
Total: 5.883600 ms (FindLiveObjects: 0.851000 ms CreateObjectMapping: 0.454500 ms MarkObjects: 4.221400 ms  DeleteObjects: 0.354900 ms)

========================================================================
Received Prepare
Registering precompiled user dll's ...
Registered in 0.008412 seconds.
Begin MonoManager ReloadAssembly
Native extension for WindowsStandalone target not found
Refreshing native plugins compatible for Editor in 0.77 ms, found 4 plugins.
Preloading 0 native plugins for Editor in 0.00 ms.
Mono: successfully reloaded assembly
- Completed reload, in  1.312 seconds
Platform modules already initialized, skipping
Shader 'Universal Render Pipeline/Particles/Lit': fallback shader 'Universal Render Pipeline/Particles/SimpleLit' not found
Refreshing native plugins compatible for Editor in 1.29 ms, found 4 plugins.
Preloading 0 native plugins for Editor in 0.00 ms.
Unloading 3273 Unused Serialized files (Serialized files now loaded: 0)
System memory in use before: 168.6 MB.
System memory in use after: 168.4 MB.

Unloading 43 unused Assets to reduce memory usage. Loaded Objects now: 4052.
Total: 3.840300 ms (FindLiveObjects: 0.589300 ms CreateObjectMapping: 0.286900 ms MarkObjects: 2.674800 ms  DeleteObjects: 0.288000 ms)

========================================================================
Received Prepare
Registering precompiled user dll's ...
Registered in 0.008779 seconds.
Begin MonoManager ReloadAssembly
Native extension for WindowsStandalone target not found
Refreshing native plugins compatible for Editor in 0.80 ms, found 4 plugins.
Preloading 0 native plugins for Editor in 0.00 ms.
Mono: successfully reloaded assembly
- Completed reload, in  1.275 seconds
Platform modules already initialized, skipping
Shader 'Universal Render Pipeline/Particles/Lit': fallback shader 'Universal Render Pipeline/Particles/SimpleLit' not found
Refreshing native plugins compatible for Editor in 0.70 ms, found 4 plugins.
Preloading 0 native plugins for Editor in 0.00 ms.
Unloading 3273 Unused Serialized files (Serialized files now loaded: 0)
System memory in use before: 168.6 MB.
System memory in use after: 168.4 MB.

Unloading 43 unused Assets to reduce memory usage. Loaded Objects now: 4054.
Total: 3.958400 ms (FindLiveObjects: 0.616200 ms CreateObjectMapping: 0.357900 ms MarkObjects: 2.760900 ms  DeleteObjects: 0.222000 ms)

========================================================================
Received Prepare
Registering precompiled user dll's ...
Registered in 0.008636 seconds.
Begin MonoManager ReloadAssembly
Native extension for WindowsStandalone target not found
Refreshing native plugins compatible for Editor in 1.14 ms, found 4 plugins.
Preloading 0 native plugins for Editor in 0.00 ms.
Mono: successfully reloaded assembly
- Completed reload, in  1.301 seconds
Platform modules already initialized, skipping
Shader 'Universal Render Pipeline/Particles/Lit': fallback shader 'Universal Render Pipeline/Particles/SimpleLit' not found
Refreshing native plugins compatible for Editor in 1.16 ms, found 4 plugins.
Preloading 0 native plugins for Editor in 0.00 ms.
Unloading 3273 Unused Serialized files (Serialized files now loaded: 0)
System memory in use before: 168.6 MB.
System memory in use after: 168.4 MB.

Unloading 43 unused Assets to reduce memory usage. Loaded Objects now: 4056.
Total: 3.914900 ms (FindLiveObjects: 0.427100 ms CreateObjectMapping: 0.236800 ms MarkObjects: 2.976700 ms  DeleteObjects: 0.272300 ms)

========================================================================
Received Prepare
Registering precompiled user dll's ...
Registered in 0.008243 seconds.
Begin MonoManager ReloadAssembly
Native extension for WindowsStandalone target not found
Refreshing native plugins compatible for Editor in 0.96 ms, found 4 plugins.
Preloading 0 native plugins for Editor in 0.00 ms.
Mono: successfully reloaded assembly
- Completed reload, in  1.270 seconds
Platform modules already initialized, skipping
Shader 'Universal Render Pipeline/Particles/Lit': fallback shader 'Universal Render Pipeline/Particles/SimpleLit' not found
Refreshing native plugins compatible for Editor in 0.80 ms, found 4 plugins.
Preloading 0 native plugins for Editor in 0.00 ms.
Unloading 3273 Unused Serialized files (Serialized files now loaded: 0)
System memory in use before: 168.6 MB.
System memory in use after: 168.4 MB.

Unloading 43 unused Assets to reduce memory usage. Loaded Objects now: 4058.
Total: 3.289200 ms (FindLiveObjects: 0.381300 ms CreateObjectMapping: 0.208800 ms MarkObjects: 2.437100 ms  DeleteObjects: 0.261000 ms)

========================================================================
Received Prepare
Registering precompiled user dll's ...
Registered in 0.008745 seconds.
Begin MonoManager ReloadAssembly
Native extension for WindowsStandalone target not found
Refreshing native plugins compatible for Editor in 0.79 ms, found 4 plugins.
Preloading 0 native plugins for Editor in 0.00 ms.
Mono: successfully reloaded assembly
- Completed reload, in  1.381 seconds
Platform modules already initialized, skipping
Shader 'Universal Render Pipeline/Particles/Lit': fallback shader 'Universal Render Pipeline/Particles/SimpleLit' not found
Refreshing native plugins compatible for Editor in 0.93 ms, found 4 plugins.
Preloading 0 native plugins for Editor in 0.00 ms.
Unloading 3273 Unused Serialized files (Serialized files now loaded: 0)
System memory in use before: 168.6 MB.
System memory in use after: 168.4 MB.

Unloading 43 unused Assets to reduce memory usage. Loaded Objects now: 4060.
Total: 3.897400 ms (FindLiveObjects: 0.781100 ms CreateObjectMapping: 0.581100 ms MarkObjects: 2.295800 ms  DeleteObjects: 0.237700 ms)

========================================================================
Received Prepare
Registering precompiled user dll's ...
Registered in 0.008162 seconds.
Begin MonoManager ReloadAssembly
Native extension for WindowsStandalone target not found
Refreshing native plugins compatible for Editor in 0.73 ms, found 4 plugins.
Preloading 0 native plugins for Editor in 0.00 ms.
Mono: successfully reloaded assembly
- Completed reload, in  1.326 seconds
Platform modules already initialized, skipping
Shader 'Universal Render Pipeline/Particles/Lit': fallback shader 'Universal Render Pipeline/Particles/SimpleLit' not found
Refreshing native plugins compatible for Editor in 1.03 ms, found 4 plugins.
Preloading 0 native plugins for Editor in 0.00 ms.
Unloading 3273 Unused Serialized files (Serialized files now loaded: 0)
System memory in use before: 168.6 MB.
System memory in use after: 168.4 MB.

Unloading 43 unused Assets to reduce memory usage. Loaded Objects now: 4062.
Total: 4.299100 ms (FindLiveObjects: 0.677700 ms CreateObjectMapping: 0.412700 ms MarkObjects: 2.943300 ms  DeleteObjects: 0.264100 ms)

========================================================================
Received Prepare
Registering precompiled user dll's ...
Registered in 0.010086 seconds.
Begin MonoManager ReloadAssembly
Native extension for WindowsStandalone target not found
Refreshing native plugins compatible for Editor in 0.72 ms, found 4 plugins.
Preloading 0 native plugins for Editor in 0.00 ms.
Mono: successfully reloaded assembly
- Completed reload, in  1.331 seconds
Platform modules already initialized, skipping
Shader 'Universal Render Pipeline/Particles/Lit': fallback shader 'Universal Render Pipeline/Particles/SimpleLit' not found
Refreshing native plugins compatible for Editor in 0.84 ms, found 4 plugins.
Preloading 0 native plugins for Editor in 0.00 ms.
Unloading 3273 Unused Serialized files (Serialized files now loaded: 0)
System memory in use before: 168.6 MB.
System memory in use after: 168.4 MB.

Unloading 43 unused Assets to reduce memory usage. Loaded Objects now: 4064.
Total: 4.197300 ms (FindLiveObjects: 0.492000 ms CreateObjectMapping: 0.429700 ms MarkObjects: 3.040200 ms  DeleteObjects: 0.234300 ms)

========================================================================
Received Prepare
Registering precompiled user dll's ...
Registered in 0.008216 seconds.
Begin MonoManager ReloadAssembly
Native extension for WindowsStandalone target not found
Refreshing native plugins compatible for Editor in 0.72 ms, found 4 plugins.
Preloading 0 native plugins for Editor in 0.00 ms.
Mono: successfully reloaded assembly
- Completed reload, in  1.211 seconds
Platform modules already initialized, skipping
Shader 'Universal Render Pipeline/Particles/Lit': fallback shader 'Universal Render Pipeline/Particles/SimpleLit' not found
Refreshing native plugins compatible for Editor in 0.88 ms, found 4 plugins.
Preloading 0 native plugins for Editor in 0.00 ms.
Unloading 3273 Unused Serialized files (Serialized files now loaded: 0)
System memory in use before: 168.6 MB.
System memory in use after: 168.4 MB.

Unloading 43 unused Assets to reduce memory usage. Loaded Objects now: 4066.
Total: 3.093600 ms (FindLiveObjects: 0.419100 ms CreateObjectMapping: 0.217200 ms MarkObjects: 2.213400 ms  DeleteObjects: 0.242800 ms)

========================================================================
Received Prepare
Registering precompiled user dll's ...
Registered in 0.008328 seconds.
Begin MonoManager ReloadAssembly
Native extension for WindowsStandalone target not found
Refreshing native plugins compatible for Editor in 0.73 ms, found 4 plugins.
Preloading 0 native plugins for Editor in 0.00 ms.
Mono: successfully reloaded assembly
- Completed reload, in  1.307 seconds
Platform modules already initialized, skipping
Shader 'Universal Render Pipeline/Particles/Lit': fallback shader 'Universal Render Pipeline/Particles/SimpleLit' not found
Refreshing native plugins compatible for Editor in 1.02 ms, found 4 plugins.
Preloading 0 native plugins for Editor in 0.00 ms.
Unloading 3273 Unused Serialized files (Serialized files now loaded: 0)
System memory in use before: 168.6 MB.
System memory in use after: 168.4 MB.

Unloading 43 unused Assets to reduce memory usage. Loaded Objects now: 4068.
Total: 3.903400 ms (FindLiveObjects: 0.558000 ms CreateObjectMapping: 0.347400 ms MarkObjects: 2.759600 ms  DeleteObjects: 0.237000 ms)

========================================================================
Received Prepare
Registering precompiled user dll's ...
Registered in 0.008231 seconds.
Begin MonoManager ReloadAssembly
Native extension for WindowsStandalone target not found
Refreshing native plugins compatible for Editor in 0.68 ms, found 4 plugins.
Preloading 0 native plugins for Editor in 0.00 ms.
Mono: successfully reloaded assembly
- Completed reload, in  1.194 seconds
Platform modules already initialized, skipping
Shader 'Universal Render Pipeline/Particles/Lit': fallback shader 'Universal Render Pipeline/Particles/SimpleLit' not found
Refreshing native plugins compatible for Editor in 0.68 ms, found 4 plugins.
Preloading 0 native plugins for Editor in 0.00 ms.
Unloading 3273 Unused Serialized files (Serialized files now loaded: 0)
System memory in use before: 168.6 MB.
System memory in use after: 168.4 MB.

Unloading 43 unused Assets to reduce memory usage. Loaded Objects now: 4070.
Total: 4.212600 ms (FindLiveObjects: 0.577000 ms CreateObjectMapping: 0.328000 ms MarkObjects: 3.084000 ms  DeleteObjects: 0.222200 ms)

========================================================================
Received Prepare
Registering precompiled user dll's ...
Registered in 0.007772 seconds.
Begin MonoManager ReloadAssembly
Native extension for WindowsStandalone target not found
Refreshing native plugins compatible for Editor in 0.77 ms, found 4 plugins.
Preloading 0 native plugins for Editor in 0.00 ms.
Mono: successfully reloaded assembly
- Completed reload, in  1.306 seconds
Platform modules already initialized, skipping
Shader 'Universal Render Pipeline/Particles/Lit': fallback shader 'Universal Render Pipeline/Particles/SimpleLit' not found
Refreshing native plugins compatible for Editor in 1.12 ms, found 4 plugins.
Preloading 0 native plugins for Editor in 0.00 ms.
Unloading 3273 Unused Serialized files (Serialized files now loaded: 0)
System memory in use before: 168.6 MB.
System memory in use after: 168.4 MB.

Unloading 43 unused Assets to reduce memory usage. Loaded Objects now: 4072.
Total: 4.237500 ms (FindLiveObjects: 0.452000 ms CreateObjectMapping: 0.265600 ms MarkObjects: 3.195800 ms  DeleteObjects: 0.323000 ms)

========================================================================
Received Prepare
Registering precompiled user dll's ...
Registered in 0.008619 seconds.
Begin MonoManager ReloadAssembly
Native extension for WindowsStandalone target not found
Refreshing native plugins compatible for Editor in 1.53 ms, found 4 plugins.
Preloading 0 native plugins for Editor in 0.00 ms.
Mono: successfully reloaded assembly
- Completed reload, in  1.290 seconds
Platform modules already initialized, skipping
Shader 'Universal Render Pipeline/Particles/Lit': fallback shader 'Universal Render Pipeline/Particles/SimpleLit' not found
Refreshing native plugins compatible for Editor in 0.72 ms, found 4 plugins.
Preloading 0 native plugins for Editor in 0.00 ms.
Unloading 3273 Unused Serialized files (Serialized files now loaded: 0)
System memory in use before: 168.6 MB.
System memory in use after: 168.4 MB.

Unloading 43 unused Assets to reduce memory usage. Loaded Objects now: 4074.
Total: 3.674400 ms (FindLiveObjects: 0.591900 ms CreateObjectMapping: 0.287200 ms MarkObjects: 2.558900 ms  DeleteObjects: 0.235200 ms)

========================================================================
Received Prepare
Registering precompiled user dll's ...
Registered in 0.013144 seconds.
Begin MonoManager ReloadAssembly
Native extension for WindowsStandalone target not found
Refreshing native plugins compatible for Editor in 1.05 ms, found 4 plugins.
Preloading 0 native plugins for Editor in 0.00 ms.
Mono: successfully reloaded assembly
- Completed reload, in  1.353 seconds
Platform modules already initialized, skipping
Shader 'Universal Render Pipeline/Particles/Lit': fallback shader 'Universal Render Pipeline/Particles/SimpleLit' not found
Refreshing native plugins compatible for Editor in 0.81 ms, found 4 plugins.
Preloading 0 native plugins for Editor in 0.00 ms.
Unloading 3273 Unused Serialized files (Serialized files now loaded: 0)
System memory in use before: 168.6 MB.
System memory in use after: 168.4 MB.

Unloading 43 unused Assets to reduce memory usage. Loaded Objects now: 4076.
Total: 4.588700 ms (FindLiveObjects: 0.493500 ms CreateObjectMapping: 0.267800 ms MarkObjects: 3.571700 ms  DeleteObjects: 0.254800 ms)

========================================================================
Received Prepare
Registering precompiled user dll's ...
Registered in 0.008165 seconds.
Begin MonoManager ReloadAssembly
Native extension for WindowsStandalone target not found
Refreshing native plugins compatible for Editor in 0.90 ms, found 4 plugins.
Preloading 0 native plugins for Editor in 0.00 ms.
Mono: successfully reloaded assembly
- Completed reload, in  1.282 seconds
Platform modules already initialized, skipping
Shader 'Universal Render Pipeline/Particles/Lit': fallback shader 'Universal Render Pipeline/Particles/SimpleLit' not found
Refreshing native plugins compatible for Editor in 0.92 ms, found 4 plugins.
Preloading 0 native plugins for Editor in 0.00 ms.
Unloading 3273 Unused Serialized files (Serialized files now loaded: 0)
System memory in use before: 168.6 MB.
System memory in use after: 168.4 MB.

Unloading 43 unused Assets to reduce memory usage. Loaded Objects now: 4078.
Total: 3.987600 ms (FindLiveObjects: 0.537900 ms CreateObjectMapping: 0.276100 ms MarkObjects: 2.908500 ms  DeleteObjects: 0.264100 ms)

========================================================================
Received Prepare
Registering precompiled user dll's ...
Registered in 0.007889 seconds.
Begin MonoManager ReloadAssembly
Native extension for WindowsStandalone target not found
Refreshing native plugins compatible for Editor in 0.92 ms, found 4 plugins.
Preloading 0 native plugins for Editor in 0.00 ms.
Mono: successfully reloaded assembly
- Completed reload, in  1.287 seconds
Platform modules already initialized, skipping
Shader 'Universal Render Pipeline/Particles/Lit': fallback shader 'Universal Render Pipeline/Particles/SimpleLit' not found
Refreshing native plugins compatible for Editor in 0.72 ms, found 4 plugins.
Preloading 0 native plugins for Editor in 0.00 ms.
Unloading 3273 Unused Serialized files (Serialized files now loaded: 0)
System memory in use before: 168.6 MB.
System memory in use after: 168.5 MB.

Unloading 43 unused Assets to reduce memory usage. Loaded Objects now: 4080.
Total: 3.366600 ms (FindLiveObjects: 0.389700 ms CreateObjectMapping: 0.214800 ms MarkObjects: 2.506600 ms  DeleteObjects: 0.254100 ms)

========================================================================
Received Prepare
Registering precompiled user dll's ...
Registered in 0.008058 seconds.
Begin MonoManager ReloadAssembly
Native extension for WindowsStandalone target not found
Refreshing native plugins compatible for Editor in 0.80 ms, found 4 plugins.
Preloading 0 native plugins for Editor in 0.00 ms.
Mono: successfully reloaded assembly
- Completed reload, in  1.462 seconds
Platform modules already initialized, skipping
Shader 'Universal Render Pipeline/Particles/Lit': fallback shader 'Universal Render Pipeline/Particles/SimpleLit' not found
Refreshing native plugins compatible for Editor in 0.81 ms, found 4 plugins.
Preloading 0 native plugins for Editor in 0.00 ms.
Unloading 3273 Unused Serialized files (Serialized files now loaded: 0)
System memory in use before: 168.6 MB.
System memory in use after: 168.5 MB.

Unloading 43 unused Assets to reduce memory usage. Loaded Objects now: 4082.
Total: 3.606900 ms (FindLiveObjects: 0.448200 ms CreateObjectMapping: 0.296700 ms MarkObjects: 2.598000 ms  DeleteObjects: 0.262500 ms)

========================================================================
Received Prepare
Registering precompiled user dll's ...
Registered in 0.008350 seconds.
Begin MonoManager ReloadAssembly
Native extension for WindowsStandalone target not found
Refreshing native plugins compatible for Editor in 1.11 ms, found 4 plugins.
Preloading 0 native plugins for Editor in 0.00 ms.
Mono: successfully reloaded assembly
- Completed reload, in  1.460 seconds
Platform modules already initialized, skipping
Shader 'Universal Render Pipeline/Particles/Lit': fallback shader 'Universal Render Pipeline/Particles/SimpleLit' not found
Refreshing native plugins compatible for Editor in 1.04 ms, found 4 plugins.
Preloading 0 native plugins for Editor in 0.00 ms.
Unloading 3273 Unused Serialized files (Serialized files now loaded: 0)
System memory in use before: 168.6 MB.
System memory in use after: 168.5 MB.

Unloading 43 unused Assets to reduce memory usage. Loaded Objects now: 4084.
Total: 4.106800 ms (FindLiveObjects: 0.669400 ms CreateObjectMapping: 0.361800 ms MarkObjects: 2.853400 ms  DeleteObjects: 0.220800 ms)

========================================================================
Received Import Request.
  Time since last request: 4469.846293 seconds.
  path: Assets
  artifactKey: Guid(00000000000000001000000000000000) Importer(815301076,1909f56bfc062723c751e8b465ee728b)
Start importing Assets using Guid(00000000000000001000000000000000) Importer(815301076,1909f56bfc062723c751e8b465ee728b)  -> (artifact id: '025e4f587c23674256bb898581e82961') in 0.012911 seconds
  Import took 0.020495 seconds .

========================================================================
Received Import Request.
  Time since last request: 11.933561 seconds.
  path: Assets/FinalModels
  artifactKey: Guid(8db472e381c28914eb77c50f3925b113) Importer(815301076,1909f56bfc062723c751e8b465ee728b)
Start importing Assets/FinalModels using Guid(8db472e381c28914eb77c50f3925b113) Importer(815301076,1909f56bfc062723c751e8b465ee728b)  -> (artifact id: 'd21c93b92618dcf3bad95c69e2b8168c') in 0.005664 seconds
  Import took 0.011945 seconds .

========================================================================
Received Import Request.
  Time since last request: 23.745345 seconds.
  path: Assets/FinalModels/Fence.glb
  artifactKey: Guid(03e5f4f520d02254cb0ce7c1d4b5d5ba) Importer(815301076,1909f56bfc062723c751e8b465ee728b)
Start importing Assets/FinalModels/Fence.glb using Guid(03e5f4f520d02254cb0ce7c1d4b5d5ba) Importer(815301076,1909f56bfc062723c751e8b465ee728b)  -> (artifact id: 'b6928afbe2807c0b039d80015154380e') in 0.017302 seconds
  Import took 0.024219 seconds .

========================================================================
Received Import Request.
  Time since last request: 376.542050 seconds.
  path: Assets/FinalModels/Shop.glb
  artifactKey: Guid(17386ec22a0ab02488117c0621886ffb) Importer(815301076,1909f56bfc062723c751e8b465ee728b)
Start importing Assets/FinalModels/Shop.glb using Guid(17386ec22a0ab02488117c0621886ffb) Importer(815301076,1909f56bfc062723c751e8b465ee728b)  -> (artifact id: 'dd326d89f335d413c7af4c7462cbd87c') in 0.005544 seconds
  Import took 0.011846 seconds .

========================================================================
Received Import Request.
  Time since last request: 9.170323 seconds.
  path: Assets/FinalModels/finalised cap mob.fbx
  artifactKey: Guid(ec70658d53340db49b5ab1b29a1144a9) Importer(815301076,1909f56bfc062723c751e8b465ee728b)
Start importing Assets/FinalModels/finalised cap mob.fbx using Guid(ec70658d53340db49b5ab1b29a1144a9) Importer(815301076,1909f56bfc062723c751e8b465ee728b)  -> (artifact id: '6e32bfb0c677681b506be2734dd00f6b') in 0.729815 seconds
  Import took 0.736719 seconds .

========================================================================
Received Import Request.
  Time since last request: 0.000259 seconds.
  path: Assets/FinalModels/finalised fence gate.fbx
  artifactKey: Guid(323fcd4194d1daa4b8eae3520c0cbaf5) Importer(815301076,1909f56bfc062723c751e8b465ee728b)
Start importing Assets/FinalModels/finalised fence gate.fbx using Guid(323fcd4194d1daa4b8eae3520c0cbaf5) Importer(815301076,1909f56bfc062723c751e8b465ee728b)  -> (artifact id: '88864de89e7c827a133a4fa92c8547cf') in 0.037202 seconds
  Import took 0.042775 seconds .

========================================================================
Received Import Request.
  Time since last request: 0.000169 seconds.
  path: Assets/FinalModels/finalised fence.fbx
  artifactKey: Guid(69bc2683292f9c0468f28c78d1484687) Importer(815301076,1909f56bfc062723c751e8b465ee728b)
Start importing Assets/FinalModels/finalised fence.fbx using Guid(69bc2683292f9c0468f28c78d1484687) Importer(815301076,1909f56bfc062723c751e8b465ee728b)  -> (artifact id: '817ae50bad84b85efa2b2ad249429a39') in 0.027585 seconds
  Import took 0.032871 seconds .

========================================================================
Received Import Request.
  Time since last request: 0.000240 seconds.
  path: Assets/FinalModels/finalised stool2.fbx
  artifactKey: Guid(2e7015396f6f4d340a669910011ec97d) Importer(815301076,1909f56bfc062723c751e8b465ee728b)
Start importing Assets/FinalModels/finalised stool2.fbx using Guid(2e7015396f6f4d340a669910011ec97d) Importer(815301076,1909f56bfc062723c751e8b465ee728b)  -> (artifact id: '6e3d5416cc3445cc491127d63d25212d') in 0.028352 seconds
  Import took 0.033800 seconds .

========================================================================
Received Import Request.
  Time since last request: 0.000204 seconds.
  path: Assets/FinalModels/finalised stool1.fbx
  artifactKey: Guid(9a7c0a9954b639444acd4a304d3ac86c) Importer(815301076,1909f56bfc062723c751e8b465ee728b)
Start importing Assets/FinalModels/finalised stool1.fbx using Guid(9a7c0a9954b639444acd4a304d3ac86c) Importer(815301076,1909f56bfc062723c751e8b465ee728b)  -> (artifact id: '5f826796ff35cc2b85f147bb502736bb') in 0.031390 seconds
  Import took 0.037130 seconds .

========================================================================
Received Import Request.
  Time since last request: 0.000347 seconds.
  path: Assets/FinalModels/finalised stool4.fbx
  artifactKey: Guid(7a13878b2d4c1d44d85a6f4d99421a6a) Importer(815301076,1909f56bfc062723c751e8b465ee728b)
Start importing Assets/FinalModels/finalised stool4.fbx using Guid(7a13878b2d4c1d44d85a6f4d99421a6a) Importer(815301076,1909f56bfc062723c751e8b465ee728b)  -> (artifact id: 'a58c0f6cab34d1a9fcc1f9d9d35ae4a9') in 0.026096 seconds
  Import took 0.031495 seconds .

========================================================================
Received Import Request.
  Time since last request: 0.000126 seconds.
  path: Assets/FinalModels/finalised fence turn.fbx
  artifactKey: Guid(29620d0663385c948b045f4ffde7fa30) Importer(815301076,1909f56bfc062723c751e8b465ee728b)
Start importing Assets/FinalModels/finalised fence turn.fbx using Guid(29620d0663385c948b045f4ffde7fa30) Importer(815301076,1909f56bfc062723c751e8b465ee728b)  -> (artifact id: 'f1be3b48ebc7fa03e678f985e443400b') in 0.025014 seconds
  Import took 0.030806 seconds .

========================================================================
Received Import Request.
  Time since last request: 0.000197 seconds.
  path: Assets/FinalModels/finalised shop.fbx
  artifactKey: Guid(39f5fbc27af2cd348b3a818f312ed3db) Importer(815301076,1909f56bfc062723c751e8b465ee728b)
Start importing Assets/FinalModels/finalised shop.fbx using Guid(39f5fbc27af2cd348b3a818f312ed3db) Importer(815301076,1909f56bfc062723c751e8b465ee728b)  -> (artifact id: '40ea05c424009f14ad10d439d5999a92') in 0.036037 seconds
  Import took 0.043030 seconds .

========================================================================
Received Import Request.
  Time since last request: 0.000180 seconds.
  path: Assets/FinalModels/finalised fence turn.fbx
  artifactKey: Guid(29620d0663385c948b045f4ffde7fa30) Importer(815301076,1909f56bfc062723c751e8b465ee728b)
Start importing Assets/FinalModels/finalised fence turn.fbx using Guid(29620d0663385c948b045f4ffde7fa30) Importer(815301076,1909f56bfc062723c751e8b465ee728b)  -> (artifact id: 'f1be3b48ebc7fa03e678f985e443400b') in 0.018607 seconds
  Import took 0.024026 seconds .

========================================================================
Received Import Request.
  Time since last request: 0.000217 seconds.
  path: Assets/FinalModels/finalised table.fbx
  artifactKey: Guid(d93cfb69be27a934b93baded4b1d237a) Importer(815301076,1909f56bfc062723c751e8b465ee728b)
Start importing Assets/FinalModels/finalised table.fbx using Guid(d93cfb69be27a934b93baded4b1d237a) Importer(815301076,1909f56bfc062723c751e8b465ee728b)  -> (artifact id: '090869dfc6881ad5d19a3785c9d6c0da') in 0.021010 seconds
  Import took 0.026785 seconds .

========================================================================
Received Import Request.
  Time since last request: 0.000190 seconds.
  path: Assets/FinalModels/finalised mob.fbx
  artifactKey: Guid(5711dedeadb72f143936a20f52227f46) Importer(815301076,1909f56bfc062723c751e8b465ee728b)
Start importing Assets/FinalModels/finalised mob.fbx using Guid(5711dedeadb72f143936a20f52227f46) Importer(815301076,1909f56bfc062723c751e8b465ee728b)  -> (artifact id: '0b204b15533851d6ff87a72629b186fc') in 0.031967 seconds
  Import took 0.038863 seconds .

========================================================================
Received Import Request.
  Time since last request: 0.000192 seconds.
  path: Assets/FinalModels/finalised stool3.fbx
  artifactKey: Guid(887cf2da69d176d48a400d1483255177) Importer(815301076,1909f56bfc062723c751e8b465ee728b)
Start importing Assets/FinalModels/finalised stool3.fbx using Guid(887cf2da69d176d48a400d1483255177) Importer(815301076,1909f56bfc062723c751e8b465ee728b)  -> (artifact id: '08a3699786f0b231bbd062ec8cab7a86') in 0.020684 seconds
  Import took 0.026783 seconds .

========================================================================
Received Import Request.
  Time since last request: 0.000159 seconds.
  path: Assets/FinalModels/finalised stool.fbx
  artifactKey: Guid(52c3c76b8df3260489b372764105f706) Importer(815301076,1909f56bfc062723c751e8b465ee728b)
Start importing Assets/FinalModels/finalised stool.fbx using Guid(52c3c76b8df3260489b372764105f706) Importer(815301076,1909f56bfc062723c751e8b465ee728b)  -> (artifact id: '7275b6a389a6deff68dbe4bd45864703') in 0.020792 seconds
  Import took 0.026021 seconds .

========================================================================
Received Import Request.
  Time since last request: 1738.095437 seconds.
  path: Assets/Prefabs
  artifactKey: Guid(61e5d1b5980d3bb4fb0a53f3ac22a85f) Importer(815301076,1909f56bfc062723c751e8b465ee728b)
Start importing Assets/Prefabs using Guid(61e5d1b5980d3bb4fb0a53f3ac22a85f) Importer(815301076,1909f56bfc062723c751e8b465ee728b)  -> (artifact id: '9efc415ac1b33cf40d29da46193c5c08') in 0.005609 seconds
  Import took 0.011490 seconds .

========================================================================
Received Import Request.
  Time since last request: 7.556929 seconds.
  path: Assets/Prefabs/finalised cap mob.prefab
  artifactKey: Guid(aa2c60a12ef88ba42b12deb29d699f9f) Importer(815301076,1909f56bfc062723c751e8b465ee728b)
Start importing Assets/Prefabs/finalised cap mob.prefab using Guid(aa2c60a12ef88ba42b12deb29d699f9f) Importer(815301076,1909f56bfc062723c751e8b465ee728b)  -> (artifact id: 'b7c2a19f5542fc3e50f48f4b915960ab') in 0.018789 seconds
  Import took 0.025744 seconds .

========================================================================
Received Import Request.
  Time since last request: 0.020998 seconds.
  path: Assets/Prefabs/finalised cap mob.prefab
  artifactKey: Guid(aa2c60a12ef88ba42b12deb29d699f9f) Importer(815301076,1909f56bfc062723c751e8b465ee728b)
Start importing Assets/Prefabs/finalised cap mob.prefab using Guid(aa2c60a12ef88ba42b12deb29d699f9f) Importer(815301076,1909f56bfc062723c751e8b465ee728b)  -> (artifact id: 'b7c2a19f5542fc3e50f48f4b915960ab') in 0.014421 seconds
  Import took 0.021985 seconds .

========================================================================
Received Prepare
Registering precompiled user dll's ...
Registered in 0.009511 seconds.
Begin MonoManager ReloadAssembly
Native extension for WindowsStandalone target not found
Refreshing native plugins compatible for Editor in 0.94 ms, found 4 plugins.
Preloading 0 native plugins for Editor in 0.00 ms.
Mono: successfully reloaded assembly
- Completed reload, in  1.311 seconds
Platform modules already initialized, skipping
Shader 'Universal Render Pipeline/Particles/Lit': fallback shader 'Universal Render Pipeline/Particles/SimpleLit' not found
Refreshing native plugins compatible for Editor in 0.76 ms, found 4 plugins.
Preloading 0 native plugins for Editor in 0.00 ms.
Unloading 3274 Unused Serialized files (Serialized files now loaded: 0)
System memory in use before: 169.4 MB.
System memory in use after: 169.2 MB.

Unloading 42 unused Assets to reduce memory usage. Loaded Objects now: 4124.
Total: 3.667600 ms (FindLiveObjects: 0.424100 ms CreateObjectMapping: 0.254500 ms MarkObjects: 2.729300 ms  DeleteObjects: 0.258300 ms)

========================================================================
Received Prepare
Registering precompiled user dll's ...
Registered in 0.008722 seconds.
Begin MonoManager ReloadAssembly
Native extension for WindowsStandalone target not found
Refreshing native plugins compatible for Editor in 0.86 ms, found 4 plugins.
Preloading 0 native plugins for Editor in 0.00 ms.
Mono: successfully reloaded assembly
- Completed reload, in  1.299 seconds
Platform modules already initialized, skipping
Shader 'Universal Render Pipeline/Particles/Lit': fallback shader 'Universal Render Pipeline/Particles/SimpleLit' not found
Refreshing native plugins compatible for Editor in 0.89 ms, found 4 plugins.
Preloading 0 native plugins for Editor in 0.00 ms.
Unloading 3272 Unused Serialized files (Serialized files now loaded: 0)
System memory in use before: 169.2 MB.
System memory in use after: 169.0 MB.

Unloading 42 unused Assets to reduce memory usage. Loaded Objects now: 4126.
Total: 3.624000 ms (FindLiveObjects: 0.508000 ms CreateObjectMapping: 0.290000 ms MarkObjects: 2.595500 ms  DeleteObjects: 0.229100 ms)

========================================================================
Received Prepare
Registering precompiled user dll's ...
Registered in 0.008316 seconds.
Begin MonoManager ReloadAssembly
Native extension for WindowsStandalone target not found
Refreshing native plugins compatible for Editor in 0.78 ms, found 4 plugins.
Preloading 0 native plugins for Editor in 0.00 ms.
Mono: successfully reloaded assembly
- Completed reload, in  1.341 seconds
Platform modules already initialized, skipping
Shader 'Universal Render Pipeline/Particles/Lit': fallback shader 'Universal Render Pipeline/Particles/SimpleLit' not found
Refreshing native plugins compatible for Editor in 1.01 ms, found 4 plugins.
Preloading 0 native plugins for Editor in 0.00 ms.
Unloading 3272 Unused Serialized files (Serialized files now loaded: 0)
System memory in use before: 169.2 MB.
System memory in use after: 169.0 MB.

Unloading 42 unused Assets to reduce memory usage. Loaded Objects now: 4128.
Total: 3.985300 ms (FindLiveObjects: 0.455600 ms CreateObjectMapping: 0.252800 ms MarkObjects: 3.029700 ms  DeleteObjects: 0.245200 ms)

========================================================================
Received Prepare
Registering precompiled user dll's ...
Registered in 0.010939 seconds.
Begin MonoManager ReloadAssembly
Native extension for WindowsStandalone target not found
Refreshing native plugins compatible for Editor in 0.91 ms, found 4 plugins.
Preloading 0 native plugins for Editor in 0.00 ms.
Mono: successfully reloaded assembly
- Completed reload, in  1.317 seconds
Platform modules already initialized, skipping
Shader 'Universal Render Pipeline/Particles/Lit': fallback shader 'Universal Render Pipeline/Particles/SimpleLit' not found
Refreshing native plugins compatible for Editor in 0.87 ms, found 4 plugins.
Preloading 0 native plugins for Editor in 0.00 ms.
Unloading 3272 Unused Serialized files (Serialized files now loaded: 0)
System memory in use before: 169.2 MB.
System memory in use after: 169.0 MB.

Unloading 42 unused Assets to reduce memory usage. Loaded Objects now: 4130.
Total: 4.080300 ms (FindLiveObjects: 0.500300 ms CreateObjectMapping: 0.274900 ms MarkObjects: 3.085900 ms  DeleteObjects: 0.217900 ms)

========================================================================
Received Prepare
Registering precompiled user dll's ...
Registered in 0.008388 seconds.
Begin MonoManager ReloadAssembly
Native extension for WindowsStandalone target not found
Refreshing native plugins compatible for Editor in 0.79 ms, found 4 plugins.
Preloading 0 native plugins for Editor in 0.00 ms.
Mono: successfully reloaded assembly
- Completed reload, in  1.313 seconds
Platform modules already initialized, skipping
Shader 'Universal Render Pipeline/Particles/Lit': fallback shader 'Universal Render Pipeline/Particles/SimpleLit' not found
Refreshing native plugins compatible for Editor in 0.73 ms, found 4 plugins.
Preloading 0 native plugins for Editor in 0.00 ms.
Unloading 3272 Unused Serialized files (Serialized files now loaded: 0)
System memory in use before: 169.2 MB.
System memory in use after: 169.0 MB.

Unloading 42 unused Assets to reduce memory usage. Loaded Objects now: 4132.
Total: 3.144100 ms (FindLiveObjects: 0.411600 ms CreateObjectMapping: 0.224900 ms MarkObjects: 2.273000 ms  DeleteObjects: 0.233300 ms)

========================================================================
Received Prepare
Registering precompiled user dll's ...
Registered in 0.008006 seconds.
Begin MonoManager ReloadAssembly
Native extension for WindowsStandalone target not found
Refreshing native plugins compatible for Editor in 0.75 ms, found 4 plugins.
Preloading 0 native plugins for Editor in 0.00 ms.
Mono: successfully reloaded assembly
- Completed reload, in  1.279 seconds
Platform modules already initialized, skipping
Shader 'Universal Render Pipeline/Particles/Lit': fallback shader 'Universal Render Pipeline/Particles/SimpleLit' not found
Refreshing native plugins compatible for Editor in 0.93 ms, found 4 plugins.
Preloading 0 native plugins for Editor in 0.00 ms.
Unloading 3272 Unused Serialized files (Serialized files now loaded: 0)
System memory in use before: 169.2 MB.
System memory in use after: 169.1 MB.

Unloading 42 unused Assets to reduce memory usage. Loaded Objects now: 4134.
Total: 3.742200 ms (FindLiveObjects: 0.445000 ms CreateObjectMapping: 0.231400 ms MarkObjects: 2.793700 ms  DeleteObjects: 0.270600 ms)

========================================================================
Received Prepare
Registering precompiled user dll's ...
Registered in 0.010315 seconds.
Begin MonoManager ReloadAssembly
Native extension for WindowsStandalone target not found
Refreshing native plugins compatible for Editor in 0.69 ms, found 4 plugins.
Preloading 0 native plugins for Editor in 0.00 ms.
Mono: successfully reloaded assembly
- Completed reload, in  1.301 seconds
Platform modules already initialized, skipping
Shader 'Universal Render Pipeline/Particles/Lit': fallback shader 'Universal Render Pipeline/Particles/SimpleLit' not found
Refreshing native plugins compatible for Editor in 1.51 ms, found 4 plugins.
Preloading 0 native plugins for Editor in 0.00 ms.
Unloading 3272 Unused Serialized files (Serialized files now loaded: 0)
System memory in use before: 169.2 MB.
System memory in use after: 169.1 MB.

Unloading 42 unused Assets to reduce memory usage. Loaded Objects now: 4136.
Total: 4.043300 ms (FindLiveObjects: 0.563400 ms CreateObjectMapping: 0.325700 ms MarkObjects: 2.882000 ms  DeleteObjects: 0.270400 ms)

========================================================================
Received Prepare
Registering precompiled user dll's ...
Registered in 0.007893 seconds.
Begin MonoManager ReloadAssembly
Native extension for WindowsStandalone target not found
Refreshing native plugins compatible for Editor in 0.85 ms, found 4 plugins.
Preloading 0 native plugins for Editor in 0.00 ms.
Mono: successfully reloaded assembly
- Completed reload, in  1.270 seconds
Platform modules already initialized, skipping
Shader 'Universal Render Pipeline/Particles/Lit': fallback shader 'Universal Render Pipeline/Particles/SimpleLit' not found
Refreshing native plugins compatible for Editor in 0.79 ms, found 4 plugins.
Preloading 0 native plugins for Editor in 0.00 ms.
Unloading 3272 Unused Serialized files (Serialized files now loaded: 0)
System memory in use before: 169.2 MB.
System memory in use after: 169.1 MB.

Unloading 42 unused Assets to reduce memory usage. Loaded Objects now: 4138.
Total: 3.684400 ms (FindLiveObjects: 0.542800 ms CreateObjectMapping: 0.268400 ms MarkObjects: 2.569200 ms  DeleteObjects: 0.302800 ms)

========================================================================
Received Prepare
Registering precompiled user dll's ...
Registered in 0.008657 seconds.
Begin MonoManager ReloadAssembly
Native extension for WindowsStandalone target not found
Refreshing native plugins compatible for Editor in 1.00 ms, found 4 plugins.
Preloading 0 native plugins for Editor in 0.00 ms.
Mono: successfully reloaded assembly
- Completed reload, in  1.293 seconds
Platform modules already initialized, skipping
Shader 'Universal Render Pipeline/Particles/Lit': fallback shader 'Universal Render Pipeline/Particles/SimpleLit' not found
Refreshing native plugins compatible for Editor in 0.81 ms, found 4 plugins.
Preloading 0 native plugins for Editor in 0.00 ms.
Unloading 3272 Unused Serialized files (Serialized files now loaded: 0)
System memory in use before: 169.3 MB.
System memory in use after: 169.1 MB.

Unloading 42 unused Assets to reduce memory usage. Loaded Objects now: 4140.
Total: 4.197300 ms (FindLiveObjects: 0.600000 ms CreateObjectMapping: 0.440400 ms MarkObjects: 2.901400 ms  DeleteObjects: 0.253200 ms)

========================================================================
Received Prepare
Registering precompiled user dll's ...
Registered in 0.008339 seconds.
Begin MonoManager ReloadAssembly
Native extension for WindowsStandalone target not found
Refreshing native plugins compatible for Editor in 1.03 ms, found 4 plugins.
Preloading 0 native plugins for Editor in 0.00 ms.
Mono: successfully reloaded assembly
- Completed reload, in  1.430 seconds
Platform modules already initialized, skipping
Shader 'Universal Render Pipeline/Particles/Lit': fallback shader 'Universal Render Pipeline/Particles/SimpleLit' not found
Refreshing native plugins compatible for Editor in 0.92 ms, found 4 plugins.
Preloading 0 native plugins for Editor in 0.00 ms.
Unloading 3272 Unused Serialized files (Serialized files now loaded: 0)
System memory in use before: 169.3 MB.
System memory in use after: 169.1 MB.

Unloading 42 unused Assets to reduce memory usage. Loaded Objects now: 4142.
Total: 3.600300 ms (FindLiveObjects: 0.465800 ms CreateObjectMapping: 0.235700 ms MarkObjects: 2.679900 ms  DeleteObjects: 0.217500 ms)

========================================================================
Received Prepare
Registering precompiled user dll's ...
Registered in 0.010906 seconds.
Begin MonoManager ReloadAssembly
Native extension for WindowsStandalone target not found
Refreshing native plugins compatible for Editor in 1.23 ms, found 4 plugins.
Preloading 0 native plugins for Editor in 0.00 ms.
Mono: successfully reloaded assembly
- Completed reload, in  1.343 seconds
Platform modules already initialized, skipping
Shader 'Universal Render Pipeline/Particles/Lit': fallback shader 'Universal Render Pipeline/Particles/SimpleLit' not found
Refreshing native plugins compatible for Editor in 0.85 ms, found 4 plugins.
Preloading 0 native plugins for Editor in 0.00 ms.
Unloading 3272 Unused Serialized files (Serialized files now loaded: 0)
System memory in use before: 169.3 MB.
System memory in use after: 169.1 MB.

Unloading 42 unused Assets to reduce memory usage. Loaded Objects now: 4144.
Total: 3.673300 ms (FindLiveObjects: 0.457500 ms CreateObjectMapping: 0.549300 ms MarkObjects: 2.386400 ms  DeleteObjects: 0.278600 ms)

========================================================================
Received Prepare
Registering precompiled user dll's ...
Registered in 0.007886 seconds.
Begin MonoManager ReloadAssembly
Native extension for WindowsStandalone target not found
Refreshing native plugins compatible for Editor in 0.78 ms, found 4 plugins.
Preloading 0 native plugins for Editor in 0.00 ms.
Mono: successfully reloaded assembly
- Completed reload, in  1.286 seconds
Platform modules already initialized, skipping
Shader 'Universal Render Pipeline/Particles/Lit': fallback shader 'Universal Render Pipeline/Particles/SimpleLit' not found
Refreshing native plugins compatible for Editor in 1.16 ms, found 4 plugins.
Preloading 0 native plugins for Editor in 0.00 ms.
Unloading 3272 Unused Serialized files (Serialized files now loaded: 0)
System memory in use before: 169.3 MB.
System memory in use after: 169.1 MB.

Unloading 42 unused Assets to reduce memory usage. Loaded Objects now: 4146.
Total: 3.090500 ms (FindLiveObjects: 0.392100 ms CreateObjectMapping: 0.234300 ms MarkObjects: 2.221000 ms  DeleteObjects: 0.241600 ms)

========================================================================
Received Prepare
Registering precompiled user dll's ...
Registered in 0.008531 seconds.
Begin MonoManager ReloadAssembly
Native extension for WindowsStandalone target not found
Refreshing native plugins compatible for Editor in 0.70 ms, found 4 plugins.
Preloading 0 native plugins for Editor in 0.00 ms.
Mono: successfully reloaded assembly
- Completed reload, in  1.277 seconds
Platform modules already initialized, skipping
Shader 'Universal Render Pipeline/Particles/Lit': fallback shader 'Universal Render Pipeline/Particles/SimpleLit' not found
Refreshing native plugins compatible for Editor in 0.90 ms, found 4 plugins.
Preloading 0 native plugins for Editor in 0.00 ms.
Unloading 3272 Unused Serialized files (Serialized files now loaded: 0)
System memory in use before: 169.2 MB.
System memory in use after: 169.1 MB.

Unloading 42 unused Assets to reduce memory usage. Loaded Objects now: 4148.
Total: 4.386500 ms (FindLiveObjects: 0.724100 ms CreateObjectMapping: 0.302500 ms MarkObjects: 3.126800 ms  DeleteObjects: 0.231700 ms)

========================================================================
Received Prepare
Registering precompiled user dll's ...
Registered in 0.007715 seconds.
Begin MonoManager ReloadAssembly
Native extension for WindowsStandalone target not found
Refreshing native plugins compatible for Editor in 0.78 ms, found 4 plugins.
Preloading 0 native plugins for Editor in 0.00 ms.
Mono: successfully reloaded assembly
- Completed reload, in  1.285 seconds
Platform modules already initialized, skipping
Shader 'Universal Render Pipeline/Particles/Lit': fallback shader 'Universal Render Pipeline/Particles/SimpleLit' not found
Refreshing native plugins compatible for Editor in 1.01 ms, found 4 plugins.
Preloading 0 native plugins for Editor in 0.00 ms.
Unloading 3272 Unused Serialized files (Serialized files now loaded: 0)
System memory in use before: 169.3 MB.
System memory in use after: 169.1 MB.

Unloading 42 unused Assets to reduce memory usage. Loaded Objects now: 4150.
Total: 4.584400 ms (FindLiveObjects: 0.695400 ms CreateObjectMapping: 0.395800 ms MarkObjects: 3.258700 ms  DeleteObjects: 0.233400 ms)

